2022-11-21 16:58:02.826 [ERRO] [20062 ms] [default] SHOW FULL COLUMNS FROM `sys_job`
Error: Error 1045: Access denied for user 'root'@'ec2-18-162-243-16.ap-east-1.compute.amazonaws.com' (using password: YES) 
Stack:
1.  gfast/app/system/service.(*sysJob).GetJobs
    /Users/hayden/dev/gopath/Oort/CMS/cms/gfast/app/system/service/sys_job.go:65
2.  gfast/task.init.0
    /Users/hayden/dev/gopath/Oort/CMS/cms/gfast/task/bind_function.go:35
 
2022-11-21 16:58:03.643 [ERRO] [814 ms] [default] SHOW FULL COLUMNS FROM `sys_job`
Error: Error 1045: Access denied for user 'root'@'ec2-18-162-243-16.ap-east-1.compute.amazonaws.com' (using password: YES) 
Stack:
1.  gfast/app/system/service.(*sysJob).GetJobs
    /Users/hayden/dev/gopath/Oort/CMS/cms/gfast/app/system/service/sys_job.go:65
2.  gfast/task.init.0
    /Users/hayden/dev/gopath/Oort/CMS/cms/gfast/task/bind_function.go:35
 
2022-11-21 16:58:04.441 [ERRO] [798 ms] [default] SELECT `JobId`,`JobName`,`JobParams`,`JobGroup`,`InvokeTarget`,`CronExpression`,`MisfirePolicy`,`Concurrent`,`Status`,`CreateBy`,`UpdateBy`,`Remark`,`CreatedAt`,`UpdatedAt`,`DeletedAt` FROM `sys_job` WHERE `status`=0
Error: Error 1045: Access denied for user 'root'@'ec2-18-162-243-16.ap-east-1.compute.amazonaws.com' (using password: YES) 
Stack:
1.  gfast/app/system/service.(*sysJob).GetJobs
    /Users/hayden/dev/gopath/Oort/CMS/cms/gfast/app/system/service/sys_job.go:65
2.  gfast/task.init.0
    /Users/hayden/dev/gopath/Oort/CMS/cms/gfast/task/bind_function.go:35
 
2022-11-21 16:59:31.720 [ERRO] [790 ms] [default] SHOW FULL COLUMNS FROM `sys_job`
Error: Error 1146: Table 'luckbuydb.sys_job' doesn't exist 
Stack:
1.  gfast/app/system/service.(*sysJob).GetJobs
    /Users/hayden/dev/gopath/Oort/CMS/cms/gfast/app/system/service/sys_job.go:65
2.  gfast/task.init.0
    /Users/hayden/dev/gopath/Oort/CMS/cms/gfast/task/bind_function.go:35
 
2022-11-21 16:59:31.880 [ERRO] [157 ms] [default] SHOW FULL COLUMNS FROM `sys_job`
Error: Error 1146: Table 'luckbuydb.sys_job' doesn't exist 
Stack:
1.  gfast/app/system/service.(*sysJob).GetJobs
    /Users/hayden/dev/gopath/Oort/CMS/cms/gfast/app/system/service/sys_job.go:65
2.  gfast/task.init.0
    /Users/hayden/dev/gopath/Oort/CMS/cms/gfast/task/bind_function.go:35
 
2022-11-21 16:59:32.042 [ERRO] [161 ms] [default] SELECT `JobId`,`JobName`,`JobParams`,`JobGroup`,`InvokeTarget`,`CronExpression`,`MisfirePolicy`,`Concurrent`,`Status`,`CreateBy`,`UpdateBy`,`Remark`,`CreatedAt`,`UpdatedAt`,`DeletedAt` FROM `sys_job` WHERE `status`=0
Error: Error 1146: Table 'luckbuydb.sys_job' doesn't exist 
Stack:
1.  gfast/app/system/service.(*sysJob).GetJobs
    /Users/hayden/dev/gopath/Oort/CMS/cms/gfast/app/system/service/sys_job.go:65
2.  gfast/task.init.0
    /Users/hayden/dev/gopath/Oort/CMS/cms/gfast/task/bind_function.go:35
 
2022-11-21 17:01:34.598 [DEBU] [5571 ms] [default] SHOW FULL COLUMNS FROM `sys_job` 
2022-11-21 17:01:36.793 [DEBU] [2194 ms] [default] SELECT `job_id`,`job_name`,`job_params`,`job_group`,`invoke_target`,`cron_expression`,`misfire_policy`,`concurrent`,`status`,`create_by`,`update_by`,`remark`,`created_at`,`updated_at`,`deleted_at` FROM `sys_job` WHERE (`status`=0) AND `deleted_at` IS NULL 
2022-11-21 17:01:41.874 [DEBU] [5079 ms] [default] UPDATE `sys_job` SET `status`=0 WHERE `job_id`=8 
